<?xml version="1.0" encoding="UTF-8"?>
<testsuite name="com.magic.junitassertions.MaximumTest" tests="1" skipped="0" failures="0" errors="0" timestamp="2021-06-03T10:40:57" hostname="DESKTOP-38KI29F" time="0.044">
  <properties/>
  <testcase name="givenThreeFloat_WithMaxAtThirdPlace_ShouldReturnMaximum()" classname="com.magic.junitassertions.MaximumTest" time="0.044"/>
  <system-out><![CDATA[]]></system-out>
  <system-err><![CDATA[]]></system-err>
</testsuite>
